Arguments: 
  /Users/apple/.nvm/versions/node/v16.17.0/bin/node /Users/apple/.nvm/versions/node/v16.17.0/bin/yarn init

PATH: 
  /Library/Java/JavaVirtualMachines/adoptopenjdk-14.jdk/Contents/Home/bin:/Users/apple/.pyenv/plugins/pyenv-virtualenv/shims:/Users/apple/.pyenv/shims:/Users/apple/.pyenv/bin:/Users/apple/.nvm/versions/node/v16.17.0/bin:/Users/apple/Library/Python/3.8/bin:/usr/local/opt/gradle@6/bin:/usr/local/bin:/usr/bin:/bin:/usr/sbin:/sbin:/usr/local/go/bin:/Library/Apple/usr/bin:/Users/apple/.local/bin:/Users/apple/.local/bin

Yarn version: 
  1.22.19

Node version: 
  16.17.0

Platform: 
  darwin x64

Trace: 
  Error: canceled
      at Interface.<anonymous> (/Users/apple/.nvm/versions/node/v16.17.0/lib/node_modules/yarn/lib/cli.js:137150:13)
      at Interface.emit (node:events:513:28)
      at Interface._ttyWrite (node:readline:1085:16)
      at ReadStream.onkeypress (node:readline:291:10)
      at ReadStream.emit (node:events:513:28)
      at emitKeys (node:internal/readline/utils:357:14)
      at emitKeys.next (<anonymous>)
      at ReadStream.onData (node:internal/readline/emitKeypressEvents:61:36)
      at ReadStream.emit (node:events:513:28)
      at addChunk (node:internal/streams/readable:315:12)

npm manifest: 
  No manifest

yarn manifest: 
  No manifest

Lockfile: 
  No lockfile
